<?xml version="1.0" encoding="UTF-8"?>
<testsuite name="com.onoff.migration.demo.controller.OauthCredentialsControllerIT" tests="6" skipped="0" failures="0" errors="0" timestamp="2023-01-24T12:35:02" hostname="DESKTOP-1OUVTLC" time="0.982">
  <properties/>
  <testcase name="createCredentialsErrorUserAlreadyExist()" classname="com.onoff.migration.demo.controller.OauthCredentialsControllerIT" time="0.46"/>
  <testcase name="createCredentialsErrorEmptyUserId()" classname="com.onoff.migration.demo.controller.OauthCredentialsControllerIT" time="0.104"/>
  <testcase name="createCredentialsErrorEmptyRefreshToken()" classname="com.onoff.migration.demo.controller.OauthCredentialsControllerIT" time="0.101"/>
  <testcase name="createCredentialsErrorEmptyToken()" classname="com.onoff.migration.demo.controller.OauthCredentialsControllerIT" time="0.106"/>
  <testcase name="createDeleteCredentials()" classname="com.onoff.migration.demo.controller.OauthCredentialsControllerIT" time="0.104"/>
  <testcase name="createCredentials()" classname="com.onoff.migration.demo.controller.OauthCredentialsControllerIT" time="0.096"/>
  <system-out><![CDATA[14:34:52.688 [Test worker] DEBUG org.springframework.test.context.BootstrapUtils - Instantiating CacheAwareContextLoaderDelegate from class [org.springframework.test.context.cache.DefaultCacheAwareContextLoaderDelegate]
14:34:52.706 [Test worker] DEBUG org.springframework.test.context.BootstrapUtils - Instantiating BootstrapContext using constructor [public org.springframework.test.context.support.DefaultBootstrapContext(java.lang.Class,org.springframework.test.context.CacheAwareContextLoaderDelegate)]
14:34:52.757 [Test worker] DEBUG org.springframework.test.context.BootstrapUtils - Instantiating TestContextBootstrapper for test class [com.onoff.migration.demo.controller.OauthCredentialsControllerIT] from class [org.springframework.boot.test.context.SpringBootTestContextBootstrapper]
14:34:52.772 [Test worker] INFO org.springframework.boot.test.context.SpringBootTestContextBootstrapper - Neither @ContextConfiguration nor @ContextHierarchy found for test class [com.onoff.migration.demo.controller.OauthCredentialsControllerIT], using SpringBootContextLoader
14:34:52.776 [Test worker] DEBUG org.springframework.test.context.support.AbstractContextLoader - Did not detect default resource location for test class [com.onoff.migration.demo.controller.OauthCredentialsControllerIT]: class path resource [com/onoff/migration/demo/controller/OauthCredentialsControllerIT-context.xml] does not exist
14:34:52.777 [Test worker] DEBUG org.springframework.test.context.support.AbstractContextLoader - Did not detect default resource location for test class [com.onoff.migration.demo.controller.OauthCredentialsControllerIT]: class path resource [com/onoff/migration/demo/controller/OauthCredentialsControllerITContext.groovy] does not exist
14:34:52.777 [Test worker] INFO org.springframework.test.context.support.AbstractContextLoader - Could not detect default resource locations for test class [com.onoff.migration.demo.controller.OauthCredentialsControllerIT]: no resource found for suffixes {-context.xml, Context.groovy}.
14:34:52.878 [Test worker] DEBUG org.springframework.test.context.support.ActiveProfilesUtils - Could not find an 'annotation declaring class' for annotation type [org.springframework.test.context.ActiveProfiles] and class [com.onoff.migration.demo.controller.OauthCredentialsControllerIT]
14:34:53.050 [Test worker] DEBUG org.springframework.boot.test.context.SpringBootTestContextBootstrapper - @TestExecutionListeners is not present for class [com.onoff.migration.demo.controller.OauthCredentialsControllerIT]: using defaults.
14:34:53.051 [Test worker] INFO org.springframework.boot.test.context.SpringBootTestContextBootstrapper - Loaded default TestExecutionListener class names from location [META-INF/spring.factories]: [org.springframework.security.test.context.support.WithSecurityContextTestExecutionListener, org.springframework.security.test.context.support.ReactorContextTestExecutionListener, org.springframework.boot.test.autoconfigure.restdocs.RestDocsTestExecutionListener, org.springframework.boot.test.autoconfigure.web.client.MockRestServiceServerResetTestExecutionListener, org.springframework.boot.test.autoconfigure.web.servlet.MockMvcPrintOnlyOnFailureTestExecutionListener, org.springframework.boot.test.autoconfigure.web.servlet.WebDriverTestExecutionListener, org.springframework.boot.test.autoconfigure.webservices.client.MockWebServiceServerTestExecutionListener, org.springframework.boot.test.mock.mockito.MockitoTestExecutionListener, org.springframework.boot.test.mock.mockito.ResetMocksTestExecutionListener, org.springframework.test.context.web.ServletTestExecutionListener, org.springframework.test.context.support.DirtiesContextBeforeModesTestExecutionListener, org.springframework.test.context.event.ApplicationEventsTestExecutionListener, org.springframework.test.context.support.DependencyInjectionTestExecutionListener, org.springframework.test.context.support.DirtiesContextTestExecutionListener, org.springframework.test.context.transaction.TransactionalTestExecutionListener, org.springframework.test.context.jdbc.SqlScriptsTestExecutionListener, org.springframework.test.context.event.EventPublishingTestExecutionListener]
14:34:53.085 [Test worker] INFO org.springframework.boot.test.context.SpringBootTestContextBootstrapper - Using TestExecutionListeners: [org.springframework.test.context.web.ServletTestExecutionListener@7f69d591, org.springframework.test.context.support.DirtiesContextBeforeModesTestExecutionListener@61078690, org.springframework.test.context.event.ApplicationEventsTestExecutionListener@1cb3ec38, org.springframework.boot.test.mock.mockito.MockitoTestExecutionListener@403132fc, org.springframework.boot.test.autoconfigure.SpringBootDependencyInjectionTestExecutionListener@71c5b236, org.springframework.test.context.support.DirtiesContextTestExecutionListener@2cab9998, org.springframework.test.context.transaction.TransactionalTestExecutionListener@2f7a7219, org.springframework.test.context.jdbc.SqlScriptsTestExecutionListener@669513d8, org.springframework.security.test.context.support.WithSecurityContextTestExecutionListener@3a1d593e, org.springframework.test.context.event.EventPublishingTestExecutionListener@4a8a60bc, org.springframework.security.test.context.support.ReactorContextTestExecutionListener@361c294e, org.springframework.boot.test.autoconfigure.restdocs.RestDocsTestExecutionListener@7859e786, org.springframework.boot.test.autoconfigure.web.client.MockRestServiceServerResetTestExecutionListener@285d851a, org.springframework.boot.test.autoconfigure.web.servlet.MockMvcPrintOnlyOnFailureTestExecutionListener@314b8f2d, org.springframework.boot.test.autoconfigure.web.servlet.WebDriverTestExecutionListener@664a9613, org.springframework.boot.test.autoconfigure.webservices.client.MockWebServiceServerTestExecutionListener@5118388b, org.springframework.boot.test.mock.mockito.ResetMocksTestExecutionListener@15a902e7]
14:34:53.090 [Test worker] DEBUG org.springframework.test.context.support.AbstractDirtiesContextTestExecutionListener - Before test class: context [DefaultTestContext@2c177f9e testClass = OauthCredentialsControllerIT, testInstance = [null], testMethod = [null], testException = [null], mergedContextConfiguration = [WebMergedContextConfiguration@5db4c359 testClass = OauthCredentialsControllerIT, locations = '{}', classes = '{class com.onoff.migration.demo.Application}', contextInitializerClasses = '[]', activeProfiles = '{}', propertySourceLocations = '{}', propertySourceProperties = '{org.springframework.boot.test.context.SpringBootTestContextBootstrapper=true}', contextCustomizers = set[org.springframework.boot.test.autoconfigure.actuate.metrics.MetricsExportContextCustomizerFactory$DisableMetricExportContextCustomizer@542e560f, org.springframework.boot.test.autoconfigure.properties.PropertyMappingContextCustomizer@4b3fa0b3, org.springframework.boot.test.autoconfigure.web.servlet.WebDriverContextCustomizerFactory$Customizer@5f6722d3, [ImportsContextCustomizer@209775a9 key = [org.springframework.boot.test.autoconfigure.web.servlet.MockMvcAutoConfiguration, org.springframework.boot.test.autoconfigure.web.servlet.MockMvcWebClientAutoConfiguration, org.springframework.boot.test.autoconfigure.web.servlet.MockMvcWebDriverAutoConfiguration, org.springframework.boot.autoconfigure.security.oauth2.client.servlet.OAuth2ClientAutoConfiguration, org.springframework.boot.autoconfigure.security.oauth2.resource.servlet.OAuth2ResourceServerAutoConfiguration, org.springframework.boot.autoconfigure.security.servlet.SecurityAutoConfiguration, org.springframework.boot.autoconfigure.security.servlet.SecurityFilterAutoConfiguration, org.springframework.boot.autoconfigure.security.servlet.UserDetailsServiceAutoConfiguration, org.springframework.boot.test.autoconfigure.web.servlet.MockMvcSecurityConfiguration, org.springframework.boot.test.autoconfigure.web.reactive.WebTestClientAutoConfiguration]], org.springframework.boot.test.context.filter.ExcludeFilterContextCustomizer@7e7b159b, org.springframework.boot.test.json.DuplicateJsonObjectContextCustomizerFactory$DuplicateJsonObjectContextCustomizer@1dd6d4b7, org.springframework.boot.test.mock.mockito.MockitoContextCustomizer@d873dd36, org.springframework.boot.test.web.client.TestRestTemplateContextCustomizer@3401a114, org.springframework.boot.test.context.SpringBootTestArgs@1, org.springframework.boot.test.context.SpringBootTestWebEnvironment@659499f1], resourceBasePath = 'src/main/webapp', contextLoader = 'org.springframework.boot.test.context.SpringBootContextLoader', parent = [null]], attributes = map['org.springframework.test.context.web.ServletTestExecutionListener.activateListener' -> true]], class annotated with @DirtiesContext [false] with mode [null].

  .   ____          _            __ _ _
 /\\ / ___'_ __ _ _(_)_ __  __ _ \ \ \ \
( ( )\___ | '_ | '_| | '_ \/ _` | \ \ \ \
 \\/  ___)| |_)| | | | | || (_| |  ) ) ) )
  '  |____| .__|_| |_|_| |_\__, | / / / /
 =========|_|==============|___/=/_/_/_/
 :: Spring Boot ::                (v2.7.8)

2023-01-24 14:34:53.801  INFO 18504 --- [    Test worker] c.o.m.d.c.OauthCredentialsControllerIT   : Starting OauthCredentialsControllerIT using Java 17.0.5 on DESKTOP-1OUVTLC with PID 18504 (started by Gökhan Güler in C:\Users\Gokhan Guler\IdeaProjects\migration.demo)
2023-01-24 14:34:53.803  INFO 18504 --- [    Test worker] c.o.m.d.c.OauthCredentialsControllerIT   : No active profile set, falling back to 1 default profile: "default"
2023-01-24 14:34:55.082  INFO 18504 --- [    Test worker] .s.d.r.c.RepositoryConfigurationDelegate : Bootstrapping Spring Data JPA repositories in DEFAULT mode.
2023-01-24 14:34:55.235  INFO 18504 --- [    Test worker] .s.d.r.c.RepositoryConfigurationDelegate : Finished Spring Data repository scanning in 123 ms. Found 2 JPA repository interfaces.
2023-01-24 14:34:57.120  INFO 18504 --- [    Test worker] o.f.c.internal.license.VersionPrinter    : Flyway Community Edition 8.5.13 by Redgate
2023-01-24 14:34:57.121  INFO 18504 --- [    Test worker] o.f.c.internal.license.VersionPrinter    : See what's new here: https://flywaydb.org/documentation/learnmore/releaseNotes#8.5.13
2023-01-24 14:34:57.121  INFO 18504 --- [    Test worker] o.f.c.internal.license.VersionPrinter    : 
2023-01-24 14:34:57.142  INFO 18504 --- [    Test worker] com.zaxxer.hikari.HikariDataSource       : HikariPool-1 - Starting...
2023-01-24 14:34:57.416  INFO 18504 --- [    Test worker] com.zaxxer.hikari.HikariDataSource       : HikariPool-1 - Start completed.
2023-01-24 14:34:57.431  INFO 18504 --- [    Test worker] o.f.c.i.database.base.BaseDatabaseType   : Database: jdbc:h2:mem:oauthdb (H2 2.1)
2023-01-24 14:34:57.507  WARN 18504 --- [    Test worker] o.f.c.internal.database.base.Database    : Flyway upgrade recommended: H2 2.1.214 is newer than this version of Flyway and support has not been tested. The latest supported version of H2 is 2.1.210.
2023-01-24 14:34:57.552  INFO 18504 --- [    Test worker] o.f.core.internal.command.DbValidate     : Successfully validated 3 migrations (execution time 00:00.025s)
2023-01-24 14:34:57.562  INFO 18504 --- [    Test worker] o.f.c.i.s.JdbcTableSchemaHistory         : Creating Schema History table "PUBLIC"."flyway_schema_history" ...
2023-01-24 14:34:57.601  INFO 18504 --- [    Test worker] o.f.core.internal.command.DbMigrate      : Current version of schema "PUBLIC": << Empty Schema >>
2023-01-24 14:34:57.610  INFO 18504 --- [    Test worker] o.f.core.internal.command.DbMigrate      : Migrating schema "PUBLIC" to version "1 - create table oauth credentials"
2023-01-24 14:34:57.633  INFO 18504 --- [    Test worker] o.f.core.internal.command.DbMigrate      : Migrating schema "PUBLIC" to version "1.1 - create table call log"
2023-01-24 14:34:57.642  INFO 18504 --- [    Test worker] o.f.core.internal.command.DbMigrate      : Migrating schema "PUBLIC" to version "1.2 - insert table oauth credentials"
2023-01-24 14:34:57.648  INFO 18504 --- [    Test worker] o.f.core.internal.command.DbMigrate      : Successfully applied 3 migrations to schema "PUBLIC", now at version v1.2 (execution time 00:00.050s)
2023-01-24 14:34:58.037  INFO 18504 --- [    Test worker] o.hibernate.jpa.internal.util.LogHelper  : HHH000204: Processing PersistenceUnitInfo [name: default]
2023-01-24 14:34:58.160  INFO 18504 --- [    Test worker] org.hibernate.Version                    : HHH000412: Hibernate ORM core version 5.6.14.Final
2023-01-24 14:34:58.223  INFO 18504 --- [    Test worker] o.hibernate.annotations.common.Version   : HCANN000001: Hibernate Commons Annotations {5.1.2.Final}
2023-01-24 14:34:58.342  INFO 18504 --- [    Test worker] org.hibernate.dialect.Dialect            : HHH000400: Using dialect: org.hibernate.dialect.H2Dialect
2023-01-24 14:34:58.833  INFO 18504 --- [    Test worker] o.h.e.t.j.p.i.JtaPlatformInitiator       : HHH000490: Using JtaPlatform implementation: [org.hibernate.engine.transaction.jta.platform.internal.NoJtaPlatform]
2023-01-24 14:34:58.846  INFO 18504 --- [    Test worker] j.LocalContainerEntityManagerFactoryBean : Initialized JPA EntityManagerFactory for persistence unit 'default'
2023-01-24 14:34:59.912  WARN 18504 --- [    Test worker] o.s.security.core.userdetails.User       : User.withDefaultPasswordEncoder() is considered unsafe for production and is only intended for sample applications.
2023-01-24 14:35:00.494  INFO 18504 --- [    Test worker] o.s.s.web.DefaultSecurityFilterChain     : Will secure any request with [org.springframework.security.web.session.DisableEncodeUrlFilter@6715a6da, org.springframework.security.web.context.request.async.WebAsyncManagerIntegrationFilter@1eb207c3, org.springframework.security.web.context.SecurityContextPersistenceFilter@1f596988, org.springframework.security.web.header.HeaderWriterFilter@3d0ce151, org.springframework.security.web.authentication.logout.LogoutFilter@3358805a, org.springframework.security.web.authentication.www.BasicAuthenticationFilter@33cec966, org.springframework.security.web.savedrequest.RequestCacheAwareFilter@648f48d3, org.springframework.security.web.servletapi.SecurityContextHolderAwareRequestFilter@30ce78e3, org.springframework.security.web.authentication.AnonymousAuthenticationFilter@29f86630, org.springframework.security.web.session.SessionManagementFilter@76efa2b7, org.springframework.security.web.access.ExceptionTranslationFilter@434a2a10, org.springframework.security.web.access.intercept.FilterSecurityInterceptor@31428f76]
2023-01-24 14:35:00.942  WARN 18504 --- [    Test worker] JpaBaseConfiguration$JpaWebConfiguration : spring.jpa.open-in-view is enabled by default. Therefore, database queries may be performed during view rendering. Explicitly configure spring.jpa.open-in-view to disable this warning
2023-01-24 14:35:01.316  INFO 18504 --- [    Test worker] o.s.b.a.h2.H2ConsoleAutoConfiguration    : H2 console available at '/h2-console'. Database available at 'jdbc:h2:mem:oauthdb'
2023-01-24 14:35:01.975  INFO 18504 --- [    Test worker] o.s.b.t.m.w.SpringBootMockServletContext : Initializing Spring TestDispatcherServlet ''
2023-01-24 14:35:01.976  INFO 18504 --- [    Test worker] o.s.t.web.servlet.TestDispatcherServlet  : Initializing Servlet ''
2023-01-24 14:35:01.978  INFO 18504 --- [    Test worker] o.s.t.web.servlet.TestDispatcherServlet  : Completed initialization in 2 ms
2023-01-24 14:35:02.020  INFO 18504 --- [    Test worker] c.o.m.d.c.OauthCredentialsControllerIT   : Started OauthCredentialsControllerIT in 8.745 seconds (JVM running for 10.82)
]]></system-out>
  <system-err><![CDATA[]]></system-err>
</testsuite>
